<?xml version="1.0" encoding="UTF-8"?>
<!-- Generated by org.testng.reporters.JUnitReportReporter -->
<testsuite hostname="ojt21-PC" name="DriverFactory.DriverScript" tests="1" failures="0" timestamp="23 Dec 2019 04:37:27 GMT" time="54.331" errors="0">
  <testcase name="ERP_Test" time="54.331" classname="DriverFactory.DriverScript"/>
</testsuite> <!-- DriverFactory.DriverScript -->
