<?xml version="1.0" encoding="UTF-8"?>
<!-- Generated by org.testng.reporters.JUnitReportReporter -->
<testsuite hostname="ojt21-PC" name="DriverFactory.DataDrivenFramework" tests="1" failures="0" timestamp="9 Dec 2019 06:24:21 GMT" time="93.536" errors="0">
  <testcase name="supplierCre" time="93.536" classname="DriverFactory.DataDrivenFramework"/>
</testsuite> <!-- DriverFactory.DataDrivenFramework -->
