<?xml version="1.0" encoding="UTF-8"?>
<!-- Generated by org.testng.reporters.JUnitReportReporter -->
<testsuite hostname="ojt21-PC" name="DriverFactory.AppTest" tests="1" failures="0" timestamp="18 Dec 2019 04:40:24 GMT" time="98.483" errors="0">
  <testcase name="startTest" time="98.483" classname="DriverFactory.AppTest"/>
</testsuite> <!-- DriverFactory.AppTest -->
